<?xml version="1.0" encoding="UTF-8"?>
<coverage generated="1699909014702" clover="3.2.0">
  <project timestamp="1699909014702" name="All files">
    <metrics statements="20" coveredstatements="18" conditionals="6" coveredconditionals="3" methods="4" coveredmethods="4" elements="30" coveredelements="25" complexity="0" loc="20" ncloc="20" packages="4" files="4" classes="4"/>
    <package name="functions.getProductsById">
      <metrics statements="10" coveredstatements="10" conditionals="3" coveredconditionals="3" methods="2" coveredmethods="2"/>
      <file name="handler.ts" path="H:\JsEducation\AWS Developer\nodejs-aws-shop-backend\product-service\src\functions\getProductsById\handler.ts">
        <metrics statements="10" coveredstatements="10" conditionals="3" coveredconditionals="3" methods="2" coveredmethods="2"/>
        <line num="1" count="1" type="stmt"/>
        <line num="2" count="1" type="stmt"/>
        <line num="5" count="1" type="stmt"/>
        <line num="6" count="3" type="stmt"/>
        <line num="7" count="3" type="stmt"/>
        <line num="8" count="7" type="stmt"/>
        <line num="9" count="2" type="cond" truecount="1" falsecount="0"/>
        <line num="10" count="1" type="stmt"/>
        <line num="12" count="1" type="stmt"/>
        <line num="14" count="1" type="stmt"/>
      </file>
    </package>
    <package name="functions.getProductsList">
      <metrics statements="8" coveredstatements="6" conditionals="3" coveredconditionals="0" methods="1" coveredmethods="1"/>
      <file name="handler.ts" path="H:\JsEducation\AWS Developer\nodejs-aws-shop-backend\product-service\src\functions\getProductsList\handler.ts">
        <metrics statements="8" coveredstatements="6" conditionals="3" coveredconditionals="0" methods="1" coveredmethods="1"/>
        <line num="1" count="1" type="stmt"/>
        <line num="2" count="1" type="stmt"/>
        <line num="4" count="1" type="stmt"/>
        <line num="5" count="1" type="stmt"/>
        <line num="6" count="1" type="cond" truecount="0" falsecount="1"/>
        <line num="7" count="0" type="stmt"/>
        <line num="9" count="1" type="stmt"/>
        <line num="11" count="0" type="stmt"/>
      </file>
    </package>
    <package name="mockData">
      <metrics statements="1" coveredstatements="1" conditionals="0" coveredconditionals="0" methods="0" coveredmethods="0"/>
      <file name="index.ts" path="H:\JsEducation\AWS Developer\nodejs-aws-shop-backend\product-service\src\mockData\index.ts">
        <metrics statements="1" coveredstatements="1" conditionals="0" coveredconditionals="0" methods="0" coveredmethods="0"/>
        <line num="3" count="2" type="stmt"/>
      </file>
    </package>
    <package name="utils">
      <metrics statements="1" coveredstatements="1" conditionals="0" coveredconditionals="0" methods="1" coveredmethods="1"/>
      <file name="buildResponse.ts" path="H:\JsEducation\AWS Developer\nodejs-aws-shop-backend\product-service\src\utils\buildResponse.ts">
        <metrics statements="1" coveredstatements="1" conditionals="0" coveredconditionals="0" methods="1" coveredmethods="1"/>
        <line num="1" count="8" type="stmt"/>
      </file>
    </package>
  </project>
</coverage>
