{"H:\\JsEducation\\AWS Developer\\nodejs-aws-shop-backend\\product-service\\src\\functions\\getProductsById\\handler.ts": {"path":"H:\\JsEducation\\AWS Developer\\nodejs-aws-shop-backend\\product-service\\src\\functions\\getProductsById\\handler.ts","statementMap":{"0":{"start":{"line":1,"column":0},"end":{"line":1,"column":40}},"1":{"start":{"line":2,"column":0},"end":{"line":2,"column":56}},"2":{"start":{"line":5,"column":55},"end":{"line":18,"column":1}},"3":{"start":{"line":6,"column":24},"end":{"line":6,"column":44}},"4":{"start":{"line":7,"column":2},"end":{"line":17,"column":null}},"5":{"start":{"line":8,"column":20},"end":{"line":8,"column":72}},"6":{"start":{"line":8,"column":47},"end":{"line":8,"column":71}},"7":{"start":{"line":9,"column":4},"end":{"line":11,"column":null}},"8":{"start":{"line":10,"column":6},"end":{"line":10,"column":66}},"9":{"start":{"line":12,"column":4},"end":{"line":12,"column":39}},"10":{"start":{"line":14,"column":4},"end":{"line":16,"column":7}},"11":{"start":{"line":5,"column":13},"end":{"line":5,"column":55}}},"fnMap":{"0":{"name":"(anonymous_0)","decl":{"start":{"line":5,"column":55},"end":{"line":5,"column":60}},"loc":{"start":{"line":5,"column":71},"end":{"line":18,"column":1}}},"1":{"name":"(anonymous_1)","decl":{"start":{"line":8,"column":34},"end":{"line":8,"column":35}},"loc":{"start":{"line":8,"column":47},"end":{"line":8,"column":71}}}},"branchMap":{"0":{"loc":{"start":{"line":9,"column":4},"end":{"line":11,"column":null}},"type":"if","locations":[{"start":{"line":9,"column":4},"end":{"line":11,"column":null}}]},"1":{"loc":{"start":{"line":15,"column":15},"end":{"line":15,"column":54}},"type":"binary-expr","locations":[{"start":{"line":15,"column":15},"end":{"line":15,"column":37}},{"start":{"line":15,"column":41},"end":{"line":15,"column":54}}]}},"s":{"0":1,"1":1,"2":1,"3":3,"4":3,"5":3,"6":7,"7":2,"8":1,"9":1,"10":1,"11":1},"f":{"0":3,"1":7},"b":{"0":[1],"1":[1,1]}}
,"H:\\JsEducation\\AWS Developer\\nodejs-aws-shop-backend\\product-service\\src\\functions\\getProductsList\\handler.ts": {"path":"H:\\JsEducation\\AWS Developer\\nodejs-aws-shop-backend\\product-service\\src\\functions\\getProductsList\\handler.ts","statementMap":{"0":{"start":{"line":1,"column":0},"end":{"line":1,"column":40}},"1":{"start":{"line":2,"column":0},"end":{"line":2,"column":56}},"2":{"start":{"line":4,"column":31},"end":{"line":15,"column":1}},"3":{"start":{"line":5,"column":2},"end":{"line":14,"column":null}},"4":{"start":{"line":6,"column":4},"end":{"line":8,"column":null}},"5":{"start":{"line":7,"column":6},"end":{"line":7,"column":67}},"6":{"start":{"line":9,"column":4},"end":{"line":9,"column":40}},"7":{"start":{"line":11,"column":4},"end":{"line":13,"column":7}},"8":{"start":{"line":4,"column":13},"end":{"line":4,"column":31}}},"fnMap":{"0":{"name":"(anonymous_0)","decl":{"start":{"line":4,"column":31},"end":{"line":4,"column":36}},"loc":{"start":{"line":4,"column":42},"end":{"line":15,"column":1}}}},"branchMap":{"0":{"loc":{"start":{"line":6,"column":4},"end":{"line":8,"column":null}},"type":"if","locations":[{"start":{"line":6,"column":4},"end":{"line":8,"column":null}}]},"1":{"loc":{"start":{"line":12,"column":15},"end":{"line":12,"column":54}},"type":"binary-expr","locations":[{"start":{"line":12,"column":15},"end":{"line":12,"column":37}},{"start":{"line":12,"column":41},"end":{"line":12,"column":54}}]}},"s":{"0":1,"1":1,"2":1,"3":1,"4":1,"5":0,"6":1,"7":0,"8":1},"f":{"0":1},"b":{"0":[0],"1":[0,0]}}
,"H:\\JsEducation\\AWS Developer\\nodejs-aws-shop-backend\\product-service\\src\\mockData\\index.ts": {"path":"H:\\JsEducation\\AWS Developer\\nodejs-aws-shop-backend\\product-service\\src\\mockData\\index.ts","statementMap":{"0":{"start":{"line":3,"column":13},"end":{"line":40,"column":2}}},"fnMap":{},"branchMap":{},"s":{"0":2},"f":{},"b":{}}
,"H:\\JsEducation\\AWS Developer\\nodejs-aws-shop-backend\\product-service\\src\\utils\\buildResponse.ts": {"path":"H:\\JsEducation\\AWS Developer\\nodejs-aws-shop-backend\\product-service\\src\\utils\\buildResponse.ts","statementMap":{"0":{"start":{"line":1,"column":29},"end":{"line":9,"column":2}},"1":{"start":{"line":1,"column":65},"end":{"line":9,"column":2}},"2":{"start":{"line":1,"column":13},"end":{"line":1,"column":29}}},"fnMap":{"0":{"name":"(anonymous_0)","decl":{"start":{"line":1,"column":29},"end":{"line":1,"column":30}},"loc":{"start":{"line":1,"column":65},"end":{"line":9,"column":2}}}},"branchMap":{},"s":{"0":2,"1":8,"2":2},"f":{"0":8},"b":{}}
}
