{"H:\\JsEducation\\AWS Developer\\nodejs-aws-shop-backend\\import-service\\client.ts": {"path":"H:\\JsEducation\\AWS Developer\\nodejs-aws-shop-backend\\import-service\\client.ts","statementMap":{"0":{"start":{"line":1,"column":0},"end":{"line":1,"column":46}},"1":{"start":{"line":3,"column":15},"end":{"line":3,"column":29}},"2":{"start":{"line":4,"column":9},"end":{"line":4,"column":15}}},"fnMap":{},"branchMap":{},"s":{"0":2,"1":2,"2":2},"f":{},"b":{}}
,"H:\\JsEducation\\AWS Developer\\nodejs-aws-shop-backend\\import-service\\lambdas\\importFileParser.ts": {"path":"H:\\JsEducation\\AWS Developer\\nodejs-aws-shop-backend\\import-service\\lambdas\\importFileParser.ts","statementMap":{"0":{"start":{"line":2,"column":0},"end":{"line":2,"column":77}},"1":{"start":{"line":3,"column":0},"end":{"line":3,"column":35}},"2":{"start":{"line":4,"column":0},"end":{"line":4,"column":43}},"3":{"start":{"line":6,"column":23},"end":{"line":44,"column":1}},"4":{"start":{"line":7,"column":2},"end":{"line":7,"column":76}},"5":{"start":{"line":9,"column":21},"end":{"line":9,"column":52}},"6":{"start":{"line":10,"column":14},"end":{"line":10,"column":44}},"7":{"start":{"line":12,"column":2},"end":{"line":12,"column":56}},"8":{"start":{"line":14,"column":18},"end":{"line":14,"column":54}},"9":{"start":{"line":16,"column":2},"end":{"line":43,"column":4}},"10":{"start":{"line":17,"column":4},"end":{"line":42,"column":8}},"11":{"start":{"line":20,"column":8},"end":{"line":20,"column":39}},"12":{"start":{"line":23,"column":8},"end":{"line":23,"column":38}},"13":{"start":{"line":24,"column":8},"end":{"line":29,"column":11}},"14":{"start":{"line":30,"column":8},"end":{"line":30,"column":39}},"15":{"start":{"line":32,"column":8},"end":{"line":32,"column":72}},"16":{"start":{"line":34,"column":8},"end":{"line":34,"column":48}},"17":{"start":{"line":36,"column":8},"end":{"line":36,"column":41}},"18":{"start":{"line":37,"column":8},"end":{"line":37,"column":18}},"19":{"start":{"line":40,"column":8},"end":{"line":40,"column":45}},"20":{"start":{"line":41,"column":8},"end":{"line":41,"column":22}},"21":{"start":{"line":6,"column":13},"end":{"line":6,"column":23}}},"fnMap":{"0":{"name":"(anonymous_1)","decl":{"start":{"line":6,"column":23},"end":{"line":6,"column":28}},"loc":{"start":{"line":6,"column":63},"end":{"line":44,"column":1}}},"1":{"name":"(anonymous_2)","decl":{"start":{"line":16,"column":27},"end":{"line":16,"column":28}},"loc":{"start":{"line":17,"column":4},"end":{"line":42,"column":8}}},"2":{"name":"(anonymous_3)","decl":{"start":{"line":19,"column":19},"end":{"line":19,"column":20}},"loc":{"start":{"line":19,"column":38},"end":{"line":21,"column":7}}},"3":{"name":"(anonymous_4)","decl":{"start":{"line":22,"column":17},"end":{"line":22,"column":22}},"loc":{"start":{"line":22,"column":28},"end":{"line":38,"column":7}}},"4":{"name":"(anonymous_5)","decl":{"start":{"line":39,"column":19},"end":{"line":39,"column":20}},"loc":{"start":{"line":39,"column":36},"end":{"line":42,"column":7}}}},"branchMap":{},"s":{"0":1,"1":1,"2":1,"3":1,"4":2,"5":2,"6":2,"7":2,"8":2,"9":2,"10":2,"11":10,"12":1,"13":1,"14":1,"15":1,"16":1,"17":1,"18":1,"19":0,"20":0,"21":1},"f":{"0":2,"1":2,"2":10,"3":1,"4":0},"b":{}}
,"H:\\JsEducation\\AWS Developer\\nodejs-aws-shop-backend\\import-service\\lambdas\\importProductsFile.ts": {"path":"H:\\JsEducation\\AWS Developer\\nodejs-aws-shop-backend\\import-service\\lambdas\\importProductsFile.ts","statementMap":{"0":{"start":{"line":2,"column":0},"end":{"line":2,"column":55}},"1":{"start":{"line":3,"column":0},"end":{"line":3,"column":59}},"2":{"start":{"line":4,"column":0},"end":{"line":4,"column":43}},"3":{"start":{"line":5,"column":0},"end":{"line":5,"column":43}},"4":{"start":{"line":7,"column":23},"end":{"line":30,"column":1}},"5":{"start":{"line":8,"column":2},"end":{"line":8,"column":78}},"6":{"start":{"line":10,"column":19},"end":{"line":10,"column":52}},"7":{"start":{"line":12,"column":2},"end":{"line":16,"column":null}},"8":{"start":{"line":13,"column":4},"end":{"line":15,"column":7}},"9":{"start":{"line":18,"column":2},"end":{"line":29,"column":null}},"10":{"start":{"line":19,"column":16},"end":{"line":22,"column":6}},"11":{"start":{"line":24,"column":4},"end":{"line":24,"column":35}},"12":{"start":{"line":26,"column":4},"end":{"line":28,"column":7}},"13":{"start":{"line":7,"column":13},"end":{"line":7,"column":23}}},"fnMap":{"0":{"name":"(anonymous_0)","decl":{"start":{"line":7,"column":23},"end":{"line":7,"column":28}},"loc":{"start":{"line":7,"column":61},"end":{"line":30,"column":1}}}},"branchMap":{"0":{"loc":{"start":{"line":12,"column":2},"end":{"line":16,"column":null}},"type":"if","locations":[{"start":{"line":12,"column":2},"end":{"line":16,"column":null}}]},"1":{"loc":{"start":{"line":27,"column":15},"end":{"line":27,"column":54}},"type":"binary-expr","locations":[{"start":{"line":27,"column":15},"end":{"line":27,"column":37}},{"start":{"line":27,"column":41},"end":{"line":27,"column":54}}]}},"s":{"0":1,"1":1,"2":1,"3":1,"4":1,"5":2,"6":2,"7":2,"8":1,"9":1,"10":1,"11":1,"12":0,"13":1},"f":{"0":2},"b":{"0":[1],"1":[0,0]}}
,"H:\\JsEducation\\AWS Developer\\nodejs-aws-shop-backend\\import-service\\types\\buckets.ts": {"path":"H:\\JsEducation\\AWS Developer\\nodejs-aws-shop-backend\\import-service\\types\\buckets.ts","statementMap":{"0":{"start":{"line":1,"column":0},"end":{"line":1,"column":null}},"1":{"start":{"line":2,"column":2},"end":{"line":2,"column":null}}},"fnMap":{"0":{"name":"(anonymous_0)","decl":{"start":{"line":1,"column":0},"end":{"line":1,"column":12}},"loc":{"start":{"line":1,"column":19},"end":{"line":3,"column":1}}}},"branchMap":{"0":{"loc":{"start":{"line":1,"column":12},"end":{"line":1,"column":null}},"type":"binary-expr","locations":[{"start":{"line":1,"column":12},"end":{"line":1,"column":19}},{"start":{"line":1,"column":19},"end":{"line":1,"column":null}}]}},"s":{"0":1,"1":1},"f":{"0":1},"b":{"0":[1,1]}}
,"H:\\JsEducation\\AWS Developer\\nodejs-aws-shop-backend\\import-service\\types\\folders.ts": {"path":"H:\\JsEducation\\AWS Developer\\nodejs-aws-shop-backend\\import-service\\types\\folders.ts","statementMap":{"0":{"start":{"line":1,"column":0},"end":{"line":1,"column":null}},"1":{"start":{"line":2,"column":2},"end":{"line":2,"column":null}},"2":{"start":{"line":3,"column":2},"end":{"line":3,"column":null}}},"fnMap":{"0":{"name":"(anonymous_0)","decl":{"start":{"line":1,"column":0},"end":{"line":1,"column":12}},"loc":{"start":{"line":1,"column":19},"end":{"line":4,"column":1}}}},"branchMap":{"0":{"loc":{"start":{"line":1,"column":12},"end":{"line":1,"column":null}},"type":"binary-expr","locations":[{"start":{"line":1,"column":12},"end":{"line":1,"column":19}},{"start":{"line":1,"column":19},"end":{"line":1,"column":null}}]}},"s":{"0":2,"1":2,"2":2},"f":{"0":2},"b":{"0":[2,2]}}
,"H:\\JsEducation\\AWS Developer\\nodejs-aws-shop-backend\\import-service\\utils\\S3ObjectUtils.ts": {"path":"H:\\JsEducation\\AWS Developer\\nodejs-aws-shop-backend\\import-service\\utils\\S3ObjectUtils.ts","statementMap":{"0":{"start":{"line":1,"column":0},"end":{"line":1,"column":null}},"1":{"start":{"line":9,"column":0},"end":{"line":9,"column":47}},"2":{"start":{"line":10,"column":0},"end":{"line":10,"column":61}},"3":{"start":{"line":13,"column":25},"end":{"line":26,"column":1}},"4":{"start":{"line":14,"column":30},"end":{"line":14,"column":35}},"5":{"start":{"line":16,"column":2},"end":{"line":16,"column":49}},"6":{"start":{"line":18,"column":18},"end":{"line":21,"column":4}},"7":{"start":{"line":23,"column":19},"end":{"line":23,"column":47}},"8":{"start":{"line":25,"column":2},"end":{"line":25,"column":35}},"9":{"start":{"line":13,"column":13},"end":{"line":13,"column":25}},"10":{"start":{"line":28,"column":26},"end":{"line":52,"column":1}},"11":{"start":{"line":34,"column":73},"end":{"line":34,"column":78}},"12":{"start":{"line":36,"column":2},"end":{"line":36,"column":98}},"13":{"start":{"line":38,"column":18},"end":{"line":42,"column":4}},"14":{"start":{"line":43,"column":14},"end":{"line":43,"column":42}},"15":{"start":{"line":51,"column":2},"end":{"line":51,"column":31}},"16":{"start":{"line":28,"column":13},"end":{"line":28,"column":26}},"17":{"start":{"line":54,"column":28},"end":{"line":72,"column":1}},"18":{"start":{"line":55,"column":30},"end":{"line":55,"column":35}},"19":{"start":{"line":57,"column":2},"end":{"line":57,"column":52}},"20":{"start":{"line":59,"column":18},"end":{"line":62,"column":4}},"21":{"start":{"line":63,"column":14},"end":{"line":63,"column":42}},"22":{"start":{"line":71,"column":2},"end":{"line":71,"column":33}},"23":{"start":{"line":54,"column":13},"end":{"line":54,"column":28}},"24":{"start":{"line":74,"column":29},"end":{"line":89,"column":1}},"25":{"start":{"line":75,"column":31},"end":{"line":75,"column":36}},"26":{"start":{"line":76,"column":2},"end":{"line":76,"column":51}},"27":{"start":{"line":78,"column":2},"end":{"line":88,"column":null}},"28":{"start":{"line":79,"column":30},"end":{"line":79,"column":63}},"29":{"start":{"line":79,"column":49},"end":{"line":79,"column":61}},"30":{"start":{"line":80,"column":33},"end":{"line":83,"column":6}},"31":{"start":{"line":84,"column":4},"end":{"line":84,"column":46}},"32":{"start":{"line":85,"column":4},"end":{"line":85,"column":35}},"33":{"start":{"line":87,"column":4},"end":{"line":87,"column":23}},"34":{"start":{"line":74,"column":13},"end":{"line":74,"column":29}},"35":{"start":{"line":91,"column":42},"end":{"line":109,"column":1}},"36":{"start":{"line":92,"column":2},"end":{"line":92,"column":55}},"37":{"start":{"line":94,"column":2},"end":{"line":108,"column":null}},"38":{"start":{"line":95,"column":31},"end":{"line":95,"column":77}},"39":{"start":{"line":96,"column":30},"end":{"line":96,"column":69}},"40":{"start":{"line":97,"column":20},"end":{"line":97,"column":52}},"41":{"start":{"line":98,"column":30},"end":{"line":98,"column":66}},"42":{"start":{"line":98,"column":50},"end":{"line":98,"column":64}},"43":{"start":{"line":99,"column":33},"end":{"line":102,"column":6}},"44":{"start":{"line":104,"column":4},"end":{"line":104,"column":46}},"45":{"start":{"line":105,"column":4},"end":{"line":105,"column":35}},"46":{"start":{"line":107,"column":4},"end":{"line":107,"column":23}},"47":{"start":{"line":91,"column":13},"end":{"line":91,"column":42}},"48":{"start":{"line":111,"column":33},"end":{"line":125,"column":1}},"49":{"start":{"line":115,"column":30},"end":{"line":115,"column":35}},"50":{"start":{"line":117,"column":21},"end":{"line":120,"column":4}},"51":{"start":{"line":121,"column":20},"end":{"line":123,"column":4}},"52":{"start":{"line":124,"column":2},"end":{"line":124,"column":19}},"53":{"start":{"line":111,"column":13},"end":{"line":111,"column":33}}},"fnMap":{"0":{"name":"(anonymous_0)","decl":{"start":{"line":13,"column":25},"end":{"line":13,"column":30}},"loc":{"start":{"line":13,"column":97},"end":{"line":26,"column":1}}},"1":{"name":"(anonymous_1)","decl":{"start":{"line":28,"column":26},"end":{"line":28,"column":31}},"loc":{"start":{"line":33,"column":5},"end":{"line":52,"column":1}}},"2":{"name":"(anonymous_2)","decl":{"start":{"line":54,"column":28},"end":{"line":54,"column":33}},"loc":{"start":{"line":54,"column":81},"end":{"line":72,"column":1}}},"3":{"name":"(anonymous_3)","decl":{"start":{"line":74,"column":29},"end":{"line":74,"column":34}},"loc":{"start":{"line":74,"column":85},"end":{"line":89,"column":1}}},"4":{"name":"(anonymous_4)","decl":{"start":{"line":79,"column":39},"end":{"line":79,"column":40}},"loc":{"start":{"line":79,"column":49},"end":{"line":79,"column":61}}},"5":{"name":"(anonymous_5)","decl":{"start":{"line":91,"column":42},"end":{"line":91,"column":47}},"loc":{"start":{"line":91,"column":71},"end":{"line":109,"column":1}}},"6":{"name":"(anonymous_6)","decl":{"start":{"line":98,"column":42},"end":{"line":98,"column":43}},"loc":{"start":{"line":98,"column":50},"end":{"line":98,"column":64}}},"7":{"name":"(anonymous_7)","decl":{"start":{"line":111,"column":33},"end":{"line":111,"column":38}},"loc":{"start":{"line":114,"column":22},"end":{"line":125,"column":1}}}},"branchMap":{"0":{"loc":{"start":{"line":97,"column":20},"end":{"line":97,"column":52}},"type":"binary-expr","locations":[{"start":{"line":97,"column":20},"end":{"line":97,"column":46}},{"start":{"line":97,"column":50},"end":{"line":97,"column":52}}]}},"s":{"0":2,"1":2,"2":2,"3":2,"4":2,"5":2,"6":2,"7":2,"8":2,"9":2,"10":2,"11":1,"12":1,"13":1,"14":1,"15":1,"16":2,"17":2,"18":1,"19":1,"20":1,"21":1,"22":1,"23":2,"24":2,"25":0,"26":0,"27":0,"28":0,"29":0,"30":0,"31":0,"32":0,"33":0,"34":2,"35":2,"36":0,"37":0,"38":0,"39":0,"40":0,"41":0,"42":0,"43":0,"44":0,"45":0,"46":0,"47":2,"48":2,"49":1,"50":1,"51":1,"52":1,"53":2},"f":{"0":2,"1":1,"2":1,"3":0,"4":0,"5":0,"6":0,"7":1},"b":{"0":[0,0]}}
,"H:\\JsEducation\\AWS Developer\\nodejs-aws-shop-backend\\import-service\\utils\\buildResponse.ts": {"path":"H:\\JsEducation\\AWS Developer\\nodejs-aws-shop-backend\\import-service\\utils\\buildResponse.ts","statementMap":{"0":{"start":{"line":1,"column":29},"end":{"line":10,"column":2}},"1":{"start":{"line":1,"column":65},"end":{"line":10,"column":2}},"2":{"start":{"line":1,"column":13},"end":{"line":1,"column":29}}},"fnMap":{"0":{"name":"(anonymous_0)","decl":{"start":{"line":1,"column":29},"end":{"line":1,"column":30}},"loc":{"start":{"line":1,"column":65},"end":{"line":10,"column":2}}}},"branchMap":{},"s":{"0":1,"1":2,"2":1},"f":{"0":2},"b":{}}
}
