TN:
SF:client.ts
FNF:0
FNH:0
DA:1,1
DA:3,1
DA:4,1
LF:3
LH:3
BRF:0
BRH:0
end_of_record
TN:
SF:lambdas\importProductsFile.ts
FN:7,(anonymous_0)
FNF:1
FNH:1
FNDA:2,(anonymous_0)
DA:2,1
DA:3,1
DA:4,1
DA:5,1
DA:7,1
DA:8,2
DA:10,2
DA:12,2
DA:13,1
DA:18,1
DA:19,1
DA:24,1
DA:26,0
LF:13
LH:12
BRDA:12,0,0,1
BRDA:27,1,0,0
BRDA:27,1,1,0
BRF:3
BRH:1
end_of_record
TN:
SF:types\buckets.ts
FN:1,(anonymous_0)
FNF:1
FNH:1
FNDA:1,(anonymous_0)
DA:1,1
DA:2,1
LF:2
LH:2
BRDA:1,0,0,1
BRDA:1,0,1,1
BRF:2
BRH:2
end_of_record
TN:
SF:types\folders.ts
FN:1,(anonymous_0)
FNF:1
FNH:1
FNDA:1,(anonymous_0)
DA:1,1
DA:2,1
DA:3,1
LF:3
LH:3
BRDA:1,0,0,1
BRDA:1,0,1,1
BRF:2
BRH:2
end_of_record
TN:
SF:utils\S3ObjectUtils.ts
FN:13,(anonymous_0)
FN:28,(anonymous_1)
FN:54,(anonymous_2)
FN:74,(anonymous_3)
FN:79,(anonymous_4)
FN:91,(anonymous_5)
FN:98,(anonymous_6)
FN:111,(anonymous_7)
FNF:8
FNH:1
FNDA:0,(anonymous_0)
FNDA:0,(anonymous_1)
FNDA:0,(anonymous_2)
FNDA:0,(anonymous_3)
FNDA:0,(anonymous_4)
FNDA:0,(anonymous_5)
FNDA:0,(anonymous_6)
FNDA:1,(anonymous_7)
DA:1,1
DA:9,1
DA:10,1
DA:13,1
DA:14,0
DA:16,0
DA:18,0
DA:23,0
DA:25,0
DA:28,1
DA:34,0
DA:36,0
DA:38,0
DA:43,0
DA:45,0
DA:47,0
DA:48,0
DA:51,0
DA:54,1
DA:55,0
DA:57,0
DA:59,0
DA:63,0
DA:65,0
DA:67,0
DA:68,0
DA:71,0
DA:74,1
DA:75,0
DA:76,0
DA:78,0
DA:79,0
DA:80,0
DA:84,0
DA:85,0
DA:87,0
DA:91,1
DA:92,0
DA:94,0
DA:95,0
DA:96,0
DA:97,0
DA:98,0
DA:99,0
DA:104,0
DA:105,0
DA:107,0
DA:111,1
DA:115,1
DA:117,1
DA:121,1
DA:124,1
LF:52
LH:13
BRDA:47,0,0,0
BRDA:67,1,0,0
BRDA:97,2,0,0
BRDA:97,2,1,0
BRF:4
BRH:0
end_of_record
TN:
SF:utils\buildResponse.ts
FN:1,(anonymous_0)
FNF:1
FNH:1
FNDA:2,(anonymous_0)
DA:1,2
LF:1
LH:1
BRF:0
BRH:0
end_of_record
